<?xml version="1.0" encoding="UTF-8"?>
<testsuite name="BookRepositoryTest" time="0.309" tests="4" errors="0" skipped="0" failures="0">
  <properties>
[...]
</properties>
  <testcase name="whenDeleteBooks_thenDeleteBook" classname="BookRepositoryTest" time="0.261"/>
  <testcase name="whenAddBooks_thenAddBooks" classname="BookRepositoryTest" time="0.02"/>
  <testcase name="whenSearchBook_thenSearchBook" classname="BookRepositoryTest" time="0.014"/>
  <testcase name="whenListAllBooks_thenReturnBooks" classname="BookRepositoryTest" time="0.014"/>
</testsuite>